#
# There is insufficient memory for the Java Runtime Environment to continue.
# Native memory allocation (malloc) failed to allocate 293136 bytes for Chunk::new
# Possible reasons:
#   The system is out of physical RAM or swap space
#   In 32 bit mode, the process size limit was hit
# Possible solutions:
#   Reduce memory load on the system
#   Increase physical memory or swap space
#   Check if swap backing store is full
#   Use 64 bit Java on a 64 bit OS
#   Decrease Java heap size (-Xmx/-Xms)
#   Decrease number of Java threads
#   Decrease Java thread stack sizes (-Xss)
#   Set larger code cache with -XX:ReservedCodeCacheSize=
# This output file may be truncated or incomplete.
#
#  Out of Memory Error (allocation.cpp:323), pid=20936, tid=25280
#
# JRE version: Java(TM) SE Runtime Environment (7.0_45-b18) (build 1.7.0_45-b18)
# Java VM: Java HotSpot(TM) 64-Bit Server VM (24.45-b08 mixed mode windows-amd64 compressed oops)
# Failed to write core dump. Minidumps are not enabled by default on client versions of Windows
#

---------------  T H R E A D  ---------------

Current thread (0x000000000a7d0800):  JavaThread "C2 CompilerThread0" daemon [_thread_in_native, id=25280, stack(0x000000000be40000,0x000000000bf40000)]

Stack: [0x000000000be40000,0x000000000bf40000]

Current CompileTask:
C2:    905   88             com.sun.tools.javac.file.ZipFileIndex::getRelativeDirectory (62 bytes)


---------------  P R O C E S S  ---------------

Java Threads: ( => current thread )
  0x000000000a7d7800 JavaThread "Service Thread" daemon [_thread_blocked, id=18440, stack(0x000000000bff0000,0x000000000c0f0000)]
  0x000000000a7d6000 JavaThread "C2 CompilerThread1" daemon [_thread_in_native, id=31276, stack(0x000000000bb50000,0x000000000bc50000)]
=>0x000000000a7d0800 JavaThread "C2 CompilerThread0" daemon [_thread_in_native, id=25280, stack(0x000000000be40000,0x000000000bf40000)]
  0x000000000a7cf000 JavaThread "Attach Listener" daemon [_thread_blocked, id=28636, stack(0x000000000bcb0000,0x000000000bdb0000)]
  0x000000000a7c7000 JavaThread "Signal Dispatcher" daemon [_thread_blocked, id=30184, stack(0x000000000ba40000,0x000000000bb40000)]
  0x000000000a777000 JavaThread "Finalizer" daemon [_thread_blocked, id=31392, stack(0x000000000b8c0000,0x000000000b9c0000)]
  0x000000000a76e000 JavaThread "Reference Handler" daemon [_thread_blocked, id=28532, stack(0x000000000b600000,0x000000000b700000)]
  0x00000000002ff000 JavaThread "main" [_thread_in_Java, id=17492, stack(0x0000000002100000,0x0000000002200000)]

Other Threads:
  0x000000000a768800 VMThread [stack: 0x000000000b700000,0x000000000b800000] [id=11436]
  0x000000000a7e8800 WatcherThread [stack: 0x000000000c6e0000,0x000000000c7e0000] [id=18608]

VM state:not at safepoint (normal execution)

VM Mutex/Monitor currently owned by a thread: None

Heap
 PSYoungGen      total 12800K, used 1816K [0x00000007d5e80000, 0x00000007d6b80000, 0x0000000800000000)
  eden space 12288K, 14% used [0x00000007d5e80000,0x00000007d60463b0,0x00000007d6a80000)
  from space 512K, 0% used [0x00000007d6a80000,0x00000007d6a80000,0x00000007d6b00000)
  to   space 512K, 0% used [0x00000007d6b00000,0x00000007d6b00000,0x00000007d6b80000)
 ParOldGen       total 10752K, used 8764K [0x0000000781c00000, 0x0000000782680000, 0x00000007d5e80000)
  object space 10752K, 81% used [0x0000000781c00000,0x000000078248f3d0,0x0000000782680000)
 PSPermGen       total 21504K, used 6390K [0x000000077ca00000, 0x000000077df00000, 0x0000000781c00000)
  object space 21504K, 29% used [0x000000077ca00000,0x000000077d03dbb8,0x000000077df00000)

Card table byte_map: [0x0000000005200000,0x0000000005620000] byte_map_base: 0x000000000161b000

Polling page: 0x00000000005b0000

Code Cache  [0x0000000002200000, 0x0000000002470000, 0x0000000005200000)
 total_blobs=311 nmethods=86 adapters=177 free_code_cache=48534Kb largest_free_block=49658240

Compilation events (10 events):
Event: 0.781 Thread 0x000000000a7d0800   83             java.util.ComparableTimSort::binarySort (223 bytes)
Event: 0.784 Thread 0x000000000a7d6000   84             java.util.ComparableTimSort::mergeLo (652 bytes)
Event: 0.790 Thread 0x000000000a7d0800 nmethod 83 0x000000000229b8d0 code [0x000000000229ba40, 0x000000000229c378]
Event: 0.790 Thread 0x000000000a7d0800   85             java.util.ComparableTimSort::mergeHi (716 bytes)
Event: 0.816 Thread 0x000000000a7d0800 nmethod 85 0x000000000229f910 code [0x000000000229fae0, 0x00000000022a1268]
Event: 0.816 Thread 0x000000000a7d0800   86             java.util.HashMap::get (29 bytes)
Event: 0.819 Thread 0x000000000a7d6000 nmethod 84 0x00000000022a2090 code [0x00000000022a2260, 0x00000000022a3888]
Event: 0.819 Thread 0x000000000a7d6000   87             java.util.ComparableTimSort::gallopRight (327 bytes)
Event: 0.820 Thread 0x000000000a7d0800 nmethod 86 0x0000000002297810 code [0x0000000002297980, 0x0000000002297ba8]
Event: 0.820 Thread 0x000000000a7d0800   88             com.sun.tools.javac.file.ZipFileIndex::getRelativeDirectory (62 bytes)

GC Heap History (10 events):
Event: 0.330 GC heap before
{Heap before GC invocations=2 (full 0):
 PSYoungGen      total 3584K, used 3568K [0x00000007d5e80000, 0x00000007d6580000, 0x0000000800000000)
  eden space 3072K, 100% used [0x00000007d5e80000,0x00000007d6180000,0x00000007d6180000)
  from space 512K, 96% used [0x00000007d6180000,0x00000007d61fc040,0x00000007d6200000)
  to   space 512K, 0% used [0x00000007d6500000,0x00000007d6500000,0x00000007d6580000)
 ParOldGen       total 5632K, used 256K [0x0000000781c00000, 0x0000000782180000, 0x00000007d5e80000)
  object space 5632K, 4% used [0x0000000781c00000,0x0000000781c40010,0x0000000782180000)
 PSPermGen       total 21504K, used 4896K [0x000000077ca00000, 0x000000077df00000, 0x0000000781c00000)
  object space 21504K, 22% used [0x000000077ca00000,0x000000077cec8278,0x000000077df00000)
Event: 0.332 GC heap after
Heap after GC invocations=2 (full 0):
 PSYoungGen      total 6656K, used 496K [0x00000007d5e80000, 0x00000007d6580000, 0x0000000800000000)
  eden space 6144K, 0% used [0x00000007d5e80000,0x00000007d5e80000,0x00000007d6480000)
  from space 512K, 96% used [0x00000007d6500000,0x00000007d657c010,0x00000007d6580000)
  to   space 512K, 0% used [0x00000007d6480000,0x00000007d6480000,0x00000007d6500000)
 ParOldGen       total 5632K, used 480K [0x0000000781c00000, 0x0000000782180000, 0x00000007d5e80000)
  object space 5632K, 8% used [0x0000000781c00000,0x0000000781c78020,0x0000000782180000)
 PSPermGen       total 21504K, used 4896K [0x000000077ca00000, 0x000000077df00000, 0x0000000781c00000)
  object space 21504K, 22% used [0x000000077ca00000,0x000000077cec8278,0x000000077df00000)
}
Event: 0.466 GC heap before
{Heap before GC invocations=3 (full 0):
 PSYoungGen      total 6656K, used 6640K [0x00000007d5e80000, 0x00000007d6580000, 0x0000000800000000)
  eden space 6144K, 100% used [0x00000007d5e80000,0x00000007d6480000,0x00000007d6480000)
  from space 512K, 96% used [0x00000007d6500000,0x00000007d657c010,0x00000007d6580000)
  to   space 512K, 0% used [0x00000007d6480000,0x00000007d6480000,0x00000007d6500000)
 ParOldGen       total 5632K, used 480K [0x0000000781c00000, 0x0000000782180000, 0x00000007d5e80000)
  object space 5632K, 8% used [0x0000000781c00000,0x0000000781c78020,0x0000000782180000)
 PSPermGen       total 21504K, used 5888K [0x000000077ca00000, 0x000000077df00000, 0x0000000781c00000)
  object space 21504K, 27% used [0x000000077ca00000,0x000000077cfc0378,0x000000077df00000)
Event: 0.469 GC heap after
Heap after GC invocations=3 (full 0):
 PSYoungGen      total 6656K, used 480K [0x00000007d5e80000, 0x00000007d6b80000, 0x0000000800000000)
  eden space 6144K, 0% used [0x00000007d5e80000,0x00000007d5e80000,0x00000007d6480000)
  from space 512K, 93% used [0x00000007d6480000,0x00000007d64f8020,0x00000007d6500000)
  to   space 512K, 0% used [0x00000007d6b00000,0x00000007d6b00000,0x00000007d6b80000)
 ParOldGen       total 5632K, used 1171K [0x0000000781c00000, 0x0000000782180000, 0x00000007d5e80000)
  object space 5632K, 20% used [0x0000000781c00000,0x0000000781d24eb0,0x0000000782180000)
 PSPermGen       total 21504K, used 5888K [0x000000077ca00000, 0x000000077df00000, 0x0000000781c00000)
  object space 21504K, 27% used [0x000000077ca00000,0x000000077cfc0378,0x000000077df00000)
}
Event: 0.621 GC heap before
{Heap before GC invocations=4 (full 0):
 PSYoungGen      total 6656K, used 5369K [0x00000007d5e80000, 0x00000007d6b80000, 0x0000000800000000)
  eden space 6144K, 79% used [0x00000007d5e80000,0x00000007d6346498,0x00000007d6480000)
  from space 512K, 93% used [0x00000007d6480000,0x00000007d64f8020,0x00000007d6500000)
  to   space 512K, 0% used [0x00000007d6b00000,0x00000007d6b00000,0x00000007d6b80000)
 ParOldGen       total 5632K, used 1171K [0x0000000781c00000, 0x0000000782180000, 0x00000007d5e80000)
  object space 5632K, 20% used [0x0000000781c00000,0x0000000781d24eb0,0x0000000782180000)
 PSPermGen       total 21504K, used 6358K [0x000000077ca00000, 0x000000077df00000, 0x0000000781c00000)
  object space 21504K, 29% used [0x000000077ca00000,0x000000077d035888,0x000000077df00000)
Event: 0.624 GC heap after
Heap after GC invocations=4 (full 0):
 PSYoungGen      total 12800K, used 500K [0x00000007d5e80000, 0x00000007d6b80000, 0x0000000800000000)
  eden space 12288K, 0% used [0x00000007d5e80000,0x00000007d5e80000,0x00000007d6a80000)
  from space 512K, 97% used [0x00000007d6b00000,0x00000007d6b7d010,0x00000007d6b80000)
  to   space 512K, 0% used [0x00000007d6a80000,0x00000007d6a80000,0x00000007d6b00000)
 ParOldGen       total 5632K, used 2333K [0x0000000781c00000, 0x0000000782180000, 0x00000007d5e80000)
  object space 5632K, 41% used [0x0000000781c00000,0x0000000781e476f8,0x0000000782180000)
 PSPermGen       total 21504K, used 6358K [0x000000077ca00000, 0x000000077df00000, 0x0000000781c00000)
  object space 21504K, 29% used [0x000000077ca00000,0x000000077d035888,0x000000077df00000)
}
Event: 0.822 GC heap before
{Heap before GC invocations=5 (full 0):
 PSYoungGen      total 12800K, used 12629K [0x00000007d5e80000, 0x00000007d6b80000, 0x0000000800000000)
  eden space 12288K, 98% used [0x00000007d5e80000,0x00000007d6a58588,0x00000007d6a80000)
  from space 512K, 97% used [0x00000007d6b00000,0x00000007d6b7d010,0x00000007d6b80000)
  to   space 512K, 0% used [0x00000007d6a80000,0x00000007d6a80000,0x00000007d6b00000)
 ParOldGen       total 5632K, used 2333K [0x0000000781c00000, 0x0000000782180000, 0x00000007d5e80000)
  object space 5632K, 41% used [0x0000000781c00000,0x0000000781e476f8,0x0000000782180000)
 PSPermGen       total 21504K, used 6394K [0x000000077ca00000, 0x000000077df00000, 0x0000000781c00000)
  object space 21504K, 29% used [0x000000077ca00000,0x000000077d03ead0,0x000000077df00000)
Event: 0.834 GC heap after
Heap after GC invocations=5 (full 0):
 PSYoungGen      total 12800K, used 500K [0x00000007d5e80000, 0x00000007d6b80000, 0x0000000800000000)
  eden space 12288K, 0% used [0x00000007d5e80000,0x00000007d5e80000,0x00000007d6a80000)
  from space 512K, 97% used [0x00000007d6a80000,0x00000007d6afd010,0x00000007d6b00000)
  to   space 512K, 0% used [0x00000007d6b00000,0x00000007d6b00000,0x00000007d6b80000)
 ParOldGen       total 10752K, used 10312K [0x0000000781c00000, 0x0000000782680000, 0x00000007d5e80000)
  object space 10752K, 95% used [0x0000000781c00000,0x0000000782612168,0x0000000782680000)
 PSPermGen       total 21504K, used 6394K [0x000000077ca00000, 0x000000077df00000, 0x0000000781c00000)
  object space 21504K, 29% used [0x000000077ca00000,0x000000077d03ead0,0x000000077df00000)
}
Event: 0.834 GC heap before
{Heap before GC invocations=6 (full 1):
 PSYoungGen      total 12800K, used 500K [0x00000007d5e80000, 0x00000007d6b80000, 0x0000000800000000)
  eden space 12288K, 0% used [0x00000007d5e80000,0x00000007d5e80000,0x00000007d6a80000)
  from space 512K, 97% used [0x00000007d6a80000,0x00000007d6afd010,0x00000007d6b00000)
  to   space 512K, 0% used [0x00000007d6b00000,0x00000007d6b00000,0x00000007d6b80000)
 ParOldGen       total 10752K, used 10312K [0x0000000781c00000, 0x0000000782680000, 0x00000007d5e80000)
  object space 10752K, 95% used [0x0000000781c00000,0x0000000782612168,0x0000000782680000)
 PSPermGen       total 21504K, used 6394K [0x000000077ca00000, 0x000000077df00000, 0x0000000781c00000)
  object space 21504K, 29% used [0x000000077ca00000,0x000000077d03ead0,0x000000077df00000)
Event: 0.893 GC heap after
Heap after GC invocations=6 (full 1):
 PSYoungGen      total 12800K, used 0K [0x00000007d5e80000, 0x00000007d6b80000, 0x0000000800000000)
  eden space 12288K, 0% used [0x00000007d5e80000,0x00000007d5e80000,0x00000007d6a80000)
  from space 512K, 0% used [0x00000007d6a80000,0x00000007d6a80000,0x00000007d6b00000)
  to   space 512K, 0% used [0x00000007d6b00000,0x00000007d6b00000,0x00000007d6b80000)
 ParOldGen       total 10752K, used 8764K [0x0000000781c00000, 0x0000000782680000, 0x00000007d5e80000)
  object space 10752K, 81% used [0x0000000781c00000,0x000000078248f3d0,0x0000000782680000)
 PSPermGen       total 21504K, used 6390K [0x000000077ca00000, 0x000000077df00000, 0x0000000781c00000)
  object space 21504K, 29% used [0x000000077ca00000,0x000000077d03da48,0x000000077df00000)
}

Deoptimization events (10 events):
Event: 0.781 Thread 0x00000000002ff000 Uncommon trap: reason=array_check action=maybe_recompile pc=0x0000000002296ad4 method=java.util.ComparableTimSort.binarySort([Ljava/lang/Object;III)V @ 215
Event: 0.781 Thread 0x00000000002ff000 Uncommon trap: reason=array_check action=maybe_recompile pc=0x0000000002296ad4 method=java.util.ComparableTimSort.binarySort([Ljava/lang/Object;III)V @ 215
Event: 0.820 Thread 0x00000000002ff000 Uncommon trap: reason=array_check action=maybe_recompile pc=0x00000000022a3138 method=java.util.ComparableTimSort.mergeLo(IIII)V @ 77
Event: 0.820 Thread 0x00000000002ff000 Uncommon trap: reason=array_check action=maybe_recompile pc=0x00000000022a0b18 method=java.util.ComparableTimSort.mergeHi(IIII)V @ 91
Event: 0.820 Thread 0x00000000002ff000 Uncommon trap: reason=array_check action=maybe_recompile pc=0x00000000022a0b18 method=java.util.ComparableTimSort.mergeHi(IIII)V @ 91
Event: 0.820 Thread 0x00000000002ff000 Uncommon trap: reason=array_check action=maybe_recompile pc=0x00000000022a0b18 method=java.util.ComparableTimSort.mergeHi(IIII)V @ 91
Event: 0.821 Thread 0x00000000002ff000 Uncommon trap: reason=array_check action=maybe_recompile pc=0x00000000022a0b18 method=java.util.ComparableTimSort.mergeHi(IIII)V @ 91
Event: 0.895 Thread 0x00000000002ff000 Uncommon trap: reason=array_check action=maybe_recompile pc=0x00000000022a3138 method=java.util.ComparableTimSort.mergeLo(IIII)V @ 77
Event: 0.895 Thread 0x00000000002ff000 Uncommon trap: reason=array_check action=maybe_recompile pc=0x00000000022a3138 method=java.util.ComparableTimSort.mergeLo(IIII)V @ 77
Event: 0.895 Thread 0x00000000002ff000 Uncommon trap: reason=array_check action=maybe_recompile pc=0x00000000022a3138 method=java.util.ComparableTimSort.mergeLo(IIII)V @ 77

Internal exceptions (10 events):
Event: 0.605 Thread 0x00000000002ff000 Threw 0x00000007d62f4b70 at C:\re\jdk7u45\229\hotspot\src\share\vm\prims\jvm.cpp:1244
Event: 0.605 Thread 0x00000000002ff000 Threw 0x00000007d62f71e0 at C:\re\jdk7u45\229\hotspot\src\share\vm\prims\jvm.cpp:1244
Event: 0.608 Thread 0x00000000002ff000 Threw 0x00000007d62fbed0 at C:\re\jdk7u45\229\hotspot\src\share\vm\prims\jvm.cpp:1244
Event: 0.609 Thread 0x00000000002ff000 Threw 0x00000007d6310ba0 at C:\re\jdk7u45\229\hotspot\src\share\vm\prims\jvm.cpp:1244
Event: 0.610 Thread 0x00000000002ff000 Threw 0x00000007d6314d70 at C:\re\jdk7u45\229\hotspot\src\share\vm\prims\jvm.cpp:1244
Event: 0.653 Thread 0x00000000002ff000 Implicit null exception at 0x00000000022851a7 to 0x00000000022859e1
Event: 0.749 Thread 0x00000000002ff000 Threw 0x00000007d627fcf0 at C:\re\jdk7u45\229\hotspot\src\share\vm\prims\jni.cpp:717
Event: 0.750 Thread 0x00000000002ff000 Threw 0x00000007d6280820 at C:\re\jdk7u45\229\hotspot\src\share\vm\prims\jvm.cpp:1244
Event: 0.754 Thread 0x00000000002ff000 Threw 0x00000007d62d10f8 at C:\re\jdk7u45\229\hotspot\src\share\vm\prims\jni.cpp:717
Event: 0.762 Thread 0x00000000002ff000 Threw 0x00000007d64491d0 at C:\re\jdk7u45\229\hotspot\src\share\vm\prims\jvm.cpp:1244

Events (10 events):
Event: 0.893 Executing VM operation: ParallelGCFailedAllocation done
Event: 0.895 Thread 0x00000000002ff000 Uncommon trap: trap_request=0xffffffd6 fr.pc=0x00000000022a3138
Event: 0.895 Thread 0x00000000002ff000 DEOPT PACKING pc=0x00000000022a3138 sp=0x00000000021fe320
Event: 0.895 Thread 0x00000000002ff000 DEOPT UNPACKING pc=0x00000000022375a4 sp=0x00000000021fe308 mode 2
Event: 0.895 Thread 0x00000000002ff000 Uncommon trap: trap_request=0xffffffd6 fr.pc=0x00000000022a3138
Event: 0.895 Thread 0x00000000002ff000 DEOPT PACKING pc=0x00000000022a3138 sp=0x00000000021fe320
Event: 0.895 Thread 0x00000000002ff000 DEOPT UNPACKING pc=0x00000000022375a4 sp=0x00000000021fe308 mode 2
Event: 0.895 Thread 0x00000000002ff000 Uncommon trap: trap_request=0xffffffd6 fr.pc=0x00000000022a3138
Event: 0.895 Thread 0x00000000002ff000 DEOPT PACKING pc=0x00000000022a3138 sp=0x00000000021fe320
Event: 0.895 Thread 0x00000000002ff000 DEOPT UNPACKING pc=0x00000000022375a4 sp=0x00000000021fe308 mode 2


Dynamic libraries:
0x000000013f260000 - 0x000000013f267000 	C:\Program Files\Java\jdk1.7.0_45\bin\javac.exe
0x0000000076f80000 - 0x0000000077129000 	C:\Windows\SYSTEM32\ntdll.dll
0x0000000076e60000 - 0x0000000076f7f000 	C:\Windows\system32\kernel32.dll
0x000007fefd050000 - 0x000007fefd0bb000 	C:\Windows\system32\KERNELBASE.dll
0x000000005ea50000 - 0x000000005ea7b000 	C:\Program Files\Java\jdk1.7.0_45\bin\jli.dll
0x000007feff0e0000 - 0x000007feff1bb000 	C:\Windows\system32\ADVAPI32.dll
0x000007fefd210000 - 0x000007fefd2af000 	C:\Windows\system32\msvcrt.dll
0x000007fefdd20000 - 0x000007fefdd3f000 	C:\Windows\SYSTEM32\sechost.dll
0x000007fefd520000 - 0x000007fefd64d000 	C:\Windows\system32\RPCRT4.dll
0x000007fefbf70000 - 0x000007fefc164000 	C:\Windows\WinSxS\amd64_microsoft.windows.common-controls_6595b64144ccf1df_6.0.7601.17514_none_fa396087175ac9ac\COMCTL32.dll
0x000007fefe060000 - 0x000007fefe0c7000 	C:\Windows\system32\GDI32.dll
0x0000000076d60000 - 0x0000000076e5a000 	C:\Windows\system32\USER32.dll
0x000007feff0d0000 - 0x000007feff0de000 	C:\Windows\system32\LPK.dll
0x000007fefe1f0000 - 0x000007fefe2b9000 	C:\Windows\system32\USP10.dll
0x000007fefd190000 - 0x000007fefd201000 	C:\Windows\system32\SHLWAPI.dll
0x000000005e970000 - 0x000000005ea42000 	C:\Program Files\Java\jdk1.7.0_45\bin\MSVCR100.dll
0x000007fefe170000 - 0x000007fefe19e000 	C:\Windows\system32\IMM32.DLL
0x000007fefd2b0000 - 0x000007fefd3b9000 	C:\Windows\system32\MSCTF.dll
0x0000000072810000 - 0x00000000728e2000 	C:\Program Files\Java\jdk1.7.0_45\jre\bin\msvcr100.dll
0x0000000055ce0000 - 0x00000000564a9000 	C:\Program Files\Java\jdk1.7.0_45\jre\bin\server\jvm.dll
0x000007fef9f80000 - 0x000007fef9f89000 	C:\Windows\system32\WSOCK32.dll
0x000007fefe1a0000 - 0x000007fefe1ed000 	C:\Windows\system32\WS2_32.dll
0x000007feff280000 - 0x000007feff288000 	C:\Windows\system32\NSI.dll
0x000007fefab30000 - 0x000007fefab6b000 	C:\Windows\system32\WINMM.dll
0x0000000077140000 - 0x0000000077147000 	C:\Windows\system32\PSAPI.DLL
0x0000000072800000 - 0x000000007280f000 	C:\Program Files\Java\jdk1.7.0_45\jre\bin\verify.dll
0x00000000727d0000 - 0x00000000727f8000 	C:\Program Files\Java\jdk1.7.0_45\jre\bin\java.dll
0x00000000727b0000 - 0x00000000727c5000 	C:\Program Files\Java\jdk1.7.0_45\jre\bin\zip.dll

VM Arguments:
jvm_args: -Dapplication.home=C:\Program Files\Java\jdk1.7.0_45 -Xms8m 
java_command: com.sun.tools.javac.Main @C:/Users/paulwo/AppData/Local/Temp/sbt_5b112f07/argfile
Launcher Type: SUN_STANDARD

Environment Variables:
JAVA_HOME=C:\Program Files\Java\jdk1.7.0_45\
PATH=C:\Ruby200-x64\bin;C:\Windows\SYSTEM32;C:\Windows;C:\Windows\SYSTEM32\WBEM;C:\Windows\SYSTEM32\WINDOWSPOWERSHELL\V1.0\; C:\Program Files\Java\jdk1.7.0_45\\BIN\;;C:\PROGRAM FILES (X86)\MICROSOFT ASP.NET\ASP.NET WEB PAGES\V1.0\;C:\PROGRAM FILES (X86)\WINDOWS KITS\8.0\WINDOWS PERFORMANCE TOOLKIT\;C:\PROGRAM FILES\MICROSOFT SQL SERVER\110\TOOLS\BINN\;C:\PROGRAM FILES\THINKPAD\BLUETOOTH SOFTWARE\;C:\PROGRAM FILES\THINKPAD\BLUETOOTH SOFTWARE\SYSWOW64;C:\Program Files (x86)\Intel\Services\IPT\;C:\Program Files (x86)\Microsoft SQL Server\110\Tools\Binn\ManagementStudio\;C:\Program Files (x86)\Microsoft SQL Server\110\Tools\Binn\;C:\Program Files (x86)\Microsoft SQL Server\110\DTS\Binn\;C:\Program Files\Microsoft SQL Server\110\DTS\Binn\;C:\Program Files (x86)\Microsoft Visual Studio 10.0\Common7\IDE\PrivateAssemblies\;C:\Program Files (x86)\Lenovo\Access Connections\;C:\Program Files\Intel\WiFi\bin\;C:\Program Files\Common Files\Intel\WirelessCommon\;C:\Program Files\nodejs\;C:\Program Files\Microsoft\Web Platform Installer\;C:\Program Files\Intel\WiFi\bin\;C:\Program Files\Common Files\Intel\WirelessCommon\;C:\Users\paulwo\AppData\Roaming\npm
USERNAME=paulwo
OS=Windows_NT
PROCESSOR_IDENTIFIER=Intel64 Family 6 Model 42 Stepping 7, GenuineIntel



---------------  S Y S T E M  ---------------

OS: Windows 7 , 64 bit Build 7601 Service Pack 1

CPU:total 4 (2 cores per cpu, 2 threads per core) family 6 model 42 stepping 7, cmov, cx8, fxsr, mmx, sse, sse2, sse3, ssse3, sse4.1, sse4.2, popcnt, avx, aes, ht, tsc, tscinvbit

Memory: 4k page, physical 8268016k(447516k free), swap 10780084k(5252k free)

vm_info: Java HotSpot(TM) 64-Bit Server VM (24.45-b08) for windows-amd64 JRE (1.7.0_45-b18), built on Oct  8 2013 05:47:22 by "java_re" with unknown MS VC++:1600

time: Sun Feb 09 15:05:43 2014
elapsed time: 0 seconds

